<?xml version="1.0" encoding="UTF-8" ?>
<testsuite errors="0" failures="0" hostname="david-rsi.local" name="com.rsi.rvia.rest.client.OperationManagerTest" skipped="1" tests="8" time="3.277" timestamp="2016-10-05T23:14:46">
  <properties>
[...]
</properties>
  <testcase classname="com.rsi.rvia.rest.client.OperationManagerTest" name="testProcessTemplateFromRvia" time="1.096" />
  <testcase classname="com.rsi.rvia.rest.client.OperationManagerTest" name="testProcessForAPI" time="0.021" />
  <testcase classname="com.rsi.rvia.rest.client.OperationManagerTest" name="testProcessDataFromRviaError" time="0.011" />
  <testcase classname="com.rsi.rvia.rest.client.OperationManagerTest" name="testProcessForAPILogin" time="1.866" />
  <testcase classname="com.rsi.rvia.rest.client.OperationManagerTest" name="testGetValidateSession" time="0.0">
    <skipped />
  </testcase>
  <testcase classname="com.rsi.rvia.rest.client.OperationManagerTest" name="testProcessTemplate" time="0.003" />
  <testcase classname="com.rsi.rvia.rest.client.OperationManagerTest" name="testProcessDataFromRvia" time="0.226" />
  <testcase classname="com.rsi.rvia.rest.client.OperationManagerTest" name="testProcessGenericAPP" time="0.004" />
  <system-out><![CDATA[16:14:46,971 |-INFO in ch.qos.logback.classic.LoggerContext[default] - Could NOT find resource [logback.groovy]
16:14:46,971 |-INFO in ch.qos.logback.classic.LoggerContext[default] - Could NOT find resource [logback-test.xml]
16:14:46,971 |-INFO in ch.qos.logback.classic.LoggerContext[default] - Found resource [logback.xml] at [file:/Users/U020976/Documents/workspace/OPC/configurations/logback.xml]
16:14:47,012 |-INFO in ch.qos.logback.classic.joran.action.ConfigurationAction - debug attribute not set
16:14:47,020 |-INFO in ch.qos.logback.classic.joran.action.ConfigurationAction - Will scan for changes in [file:/Users/U020976/Documents/workspace/OPC/configurations/logback.xml] 
16:14:47,020 |-INFO in ch.qos.logback.classic.joran.action.ConfigurationAction - Setting ReconfigureOnChangeTask scanning period to 5 minutes
16:14:47,024 |-INFO in ch.qos.logback.core.joran.action.AppenderAction - About to instantiate appender of type [ch.qos.logback.core.ConsoleAppender]
16:14:47,026 |-INFO in ch.qos.logback.core.joran.action.AppenderAction - Naming appender as [stdout]
16:14:47,063 |-INFO in ch.qos.logback.core.joran.action.AppenderAction - About to instantiate appender of type [ch.qos.logback.core.rolling.RollingFileAppender]
16:14:47,065 |-INFO in ch.qos.logback.core.joran.action.AppenderAction - Naming appender as [file]
16:14:47,073 |-INFO in c.q.l.core.rolling.SizeAndTimeBasedRollingPolicy@1689095979 - Achive files will be limied to [30MB] each.
16:14:47,076 |-INFO in c.q.l.core.rolling.SizeAndTimeBasedRollingPolicy@1689095979 - No compression will be used
16:14:47,077 |-INFO in c.q.l.core.rolling.SizeAndTimeBasedRollingPolicy@1689095979 - Will use the pattern /tmp/REP_RURALVIA_REST/REP_RURALVIA_REST-%d{yyyy-MM-dd}.%i.log for the active file
16:14:47,079 |-INFO in ch.qos.logback.core.rolling.SizeAndTimeBasedFNATP@3e9283b0 - The date pattern is 'yyyy-MM-dd' from file name pattern '/tmp/REP_RURALVIA_REST/REP_RURALVIA_REST-%d{yyyy-MM-dd}.%i.log'.
16:14:47,079 |-INFO in ch.qos.logback.core.rolling.SizeAndTimeBasedFNATP@3e9283b0 - Roll-over at midnight.
16:14:47,081 |-INFO in ch.qos.logback.core.rolling.SizeAndTimeBasedFNATP@3e9283b0 - Setting initial period to Wed Oct 05 16:14:47 PDT 2016
16:14:47,096 |-WARN in ch.qos.logback.core.rolling.RollingFileAppender[file] - Setting "File" property to null on account of prudent mode
16:14:47,096 |-INFO in ch.qos.logback.core.rolling.RollingFileAppender[file] - Active log file name: /tmp/REP_RURALVIA_REST/REP_RURALVIA_REST-2016-10-05.17.log
16:14:47,096 |-INFO in ch.qos.logback.core.rolling.RollingFileAppender[file] - File property is set to [null]
16:14:47,097 |-INFO in ch.qos.logback.classic.joran.action.RootLoggerAction - Setting level of ROOT logger to TRACE
16:14:47,097 |-INFO in ch.qos.logback.core.joran.action.AppenderRefAction - Attaching appender named [file] to Logger[ROOT]
16:14:47,098 |-INFO in ch.qos.logback.classic.joran.action.RootLoggerAction - Setting level of ROOT logger to TRACE
16:14:47,098 |-INFO in ch.qos.logback.core.joran.action.AppenderRefAction - Attaching appender named [stdout] to Logger[ROOT]
16:14:47,098 |-INFO in ch.qos.logback.classic.joran.action.ConfigurationAction - End of configuration.
16:14:47,098 |-INFO in ch.qos.logback.classic.joran.JoranConfigurator@503b7e8 - Registering current configuration as safe fallback point

*2016-10-05 16:14:47.0162 LOCAL:main	DEBUG	SessionRviaData:<init>	- Se procede a cargar la configuración de la conexión con ruralvia
*2016-10-05 16:14:47.0169 LOCAL:main	DEBUG	SessionRviaData:<init>	- La información viene cifrada, se procede a descifrarla
*2016-10-05 16:14:47.0306 LOCAL:main	DEBUG	SessionRviaData:<init>	- Contenido descifrado. Token: node=Banca_LNF04_07&RVIASESION=NM5WXpSCFSCb2dW7FfdQhWMJlTpLHf1h6xTKv2BTTctHtMT9DF6f!-1981069972!1474892418300&isumUserProfile=0198TS00&isumServiceId=PROXY_RVIA_REST_1022&lang=es_ES&NRBE=198&canalAix=000001
*2016-10-05 16:14:47.0307 LOCAL:main	DEBUG	SessionRviaData:loadProperties	- Se carga el fichero de resolución de direcciones
*2016-10-05 16:14:47.0309 LOCAL:main	DEBUG	DDBBPoolFactory:getDDBB	- Se procede a conectar con la base de datos de Oracle-Banca
*2016-10-05 16:14:47.0309 LOCAL:main	DEBUG	DDBBPoolFactory:getDDBB	- Se utiliza el pool local de base de datos
*2016-10-05 16:14:47.0776 LOCAL:main	INFO 	IsumValidation:IsValidService	- El servicio está permitido para este usuario
*2016-10-05 16:14:47.0778 LOCAL:main	DEBUG	Utils:getPrimaryPath	- StrPath: foo/{foo}
*2016-10-05 16:14:47.0778 LOCAL:main	DEBUG	OperationManager:processTemplateFromRvia	- Path en el que se recibne la petición: /foo/{foo}
*2016-10-05 16:14:47.0790 LOCAL:main	DEBUG	MiqQuests:loadDDBBCache	- Se carga la cache de MiqQuest con 16 elementos. (La mitad es por id y la otra mitad por Path
*2016-10-05 16:14:47.0791 LOCAL:main	DEBUG	OperationManager:processTemplateFromRvia	- MiqQuest a procesar: null
*2016-10-05 16:14:47.0794 LOCAL:main	ERROR	OperationManager:processTemplateFromRvia	- Se ha generado un error al procesar la respuesta final
java.lang.NullPointerException: null
	at com.rsi.rvia.rest.client.OperationManager.buildResponse(OperationManager.java:478)
	at com.rsi.rvia.rest.client.OperationManager.processTemplateFromRvia(OperationManager.java:136)
	at com.rsi.rvia.rest.client.OperationManagerTest.testProcessTemplateFromRvia(Unknown Source)
	at sun.reflect.NativeMethodAccessorImpl.invoke0(Native Method)
	at sun.reflect.NativeMethodAccessorImpl.invoke(NativeMethodAccessorImpl.java:57)
	at sun.reflect.DelegatingMethodAccessorImpl.invoke(DelegatingMethodAccessorImpl.java:43)
	at java.lang.reflect.Method.invoke(Method.java:606)
	at org.junit.runners.model.FrameworkMethod$1.runReflectiveCall(FrameworkMethod.java:50)
	at org.junit.internal.runners.model.ReflectiveCallable.run(ReflectiveCallable.java:12)
	at org.junit.runners.model.FrameworkMethod.invokeExplosively(FrameworkMethod.java:47)
	at org.junit.internal.runners.statements.InvokeMethod.evaluate(InvokeMethod.java:17)
	at org.junit.internal.runners.statements.RunBefores.evaluate(RunBefores.java:26)
	at org.junit.runners.ParentRunner.runLeaf(ParentRunner.java:325)
	at org.junit.runners.BlockJUnit4ClassRunner.runChild(BlockJUnit4ClassRunner.java:78)
	at org.junit.runners.BlockJUnit4ClassRunner.runChild(BlockJUnit4ClassRunner.java:57)
	at org.junit.runners.ParentRunner$3.run(ParentRunner.java:290)
	at org.junit.runners.ParentRunner$1.schedule(ParentRunner.java:71)
	at org.junit.runners.ParentRunner.runChildren(ParentRunner.java:288)
	at org.junit.runners.ParentRunner.access$000(ParentRunner.java:58)
	at org.junit.runners.ParentRunner$2.evaluate(ParentRunner.java:268)
	at org.junit.runners.ParentRunner.run(ParentRunner.java:363)
	at junit.framework.JUnit4TestAdapter.run(JUnit4TestAdapter.java:38)
	at org.apache.tools.ant.taskdefs.optional.junit.JUnitTestRunner.run(JUnitTestRunner.java:535)
	at org.apache.tools.ant.taskdefs.optional.junit.JUnitTestRunner.launch(JUnitTestRunner.java:1182)
	at org.apache.tools.ant.taskdefs.optional.junit.JUnitTestRunner.main(JUnitTestRunner.java:1033)
*2016-10-05 16:14:47.0795 LOCAL:main	INFO 	ErrorManager:getErrorResponseObject	- Se gestiona un error de tipo: java.lang.NullPointerException
*2016-10-05 16:14:47.0796 LOCAL:main	ERROR	ErrorManager:getErrorResponseObject	- Se ha producido un error: java.lang.NullPointerException
java.lang.NullPointerException
	at com.rsi.rvia.rest.client.OperationManager.buildResponse(OperationManager.java:478)
	at com.rsi.rvia.rest.client.OperationManager.processTemplateFromRvia(OperationManager.java:136)
	at com.rsi.rvia.rest.client.OperationManagerTest.testProcessTemplateFromRvia(Unknown Source)
	at sun.reflect.NativeMethodAccessorImpl.invoke0(Native Method)
	at sun.reflect.NativeMethodAccessorImpl.invoke(NativeMethodAccessorImpl.java:57)
	at sun.reflect.DelegatingMethodAccessorImpl.invoke(DelegatingMethodAccessorImpl.java:43)
	at java.lang.reflect.Method.invoke(Method.java:606)
	at org.junit.runners.model.FrameworkMethod$1.runReflectiveCall(FrameworkMethod.java:50)
	at org.junit.internal.runners.model.ReflectiveCallable.run(ReflectiveCallable.java:12)
	at org.junit.runners.model.FrameworkMethod.invokeExplosively(FrameworkMethod.java:47)
	at org.junit.internal.runners.statements.InvokeMethod.evaluate(InvokeMethod.java:17)
	at org.junit.internal.runners.statements.RunBefores.evaluate(RunBefores.java:26)
	at org.junit.runners.ParentRunner.runLeaf(ParentRunner.java:325)
	at org.junit.runners.BlockJUnit4ClassRunner.runChild(BlockJUnit4ClassRunner.java:78)
	at org.junit.runners.BlockJUnit4ClassRunner.runChild(BlockJUnit4ClassRunner.java:57)
	at org.junit.runners.ParentRunner$3.run(ParentRunner.java:290)
	at org.junit.runners.ParentRunner$1.schedule(ParentRunner.java:71)
	at org.junit.runners.ParentRunner.runChildren(ParentRunner.java:288)
	at org.junit.runners.ParentRunner.access$000(ParentRunner.java:58)
	at org.junit.runners.ParentRunner$2.evaluate(ParentRunner.java:268)
	at org.junit.runners.ParentRunner.run(ParentRunner.java:363)
	at junit.framework.JUnit4TestAdapter.run(JUnit4TestAdapter.java:38)
	at org.apache.tools.ant.taskdefs.optional.junit.JUnitTestRunner.run(JUnitTestRunner.java:535)
	at org.apache.tools.ant.taskdefs.optional.junit.JUnitTestRunner.launch(JUnitTestRunner.java:1182)
	at org.apache.tools.ant.taskdefs.optional.junit.JUnitTestRunner.main(JUnitTestRunner.java:1033)

*2016-10-05 16:14:47.0936 LOCAL:main	TRACE	OperationManager:processTemplateFromRvia	- Se devuelve el objeto respuesta de la petición: OutboundJaxrsResponse{status=500, reason=Internal Server Error, hasEntity=false, closed=false, buffered=false}
*2016-10-05 16:14:47.0940 LOCAL:main	DEBUG	Utils:getPrimaryPath	- StrPath: foo/{foo}
*2016-10-05 16:14:47.0949 LOCAL:main	ERROR	OperationManager:processForAPI	- Se captura un error. Se procede a evaluar que tipo de error es para generar la respuesta adecuada
*2016-10-05 16:14:47.0949 LOCAL:main	INFO 	ErrorManager:getErrorResponseObject	- Se gestiona un error de tipo: com.rsi.rvia.rest.error.exceptions.LogicalErrorException
*2016-10-05 16:14:47.0950 LOCAL:main	ERROR	ErrorManager:getErrorResponseObject	- Se ha producido un error: Unauthorized - (http: 401) - Error interno: 9999 - Detalle: Sesión no válida - Inner Exception: java.lang.Exception
	at com.rsi.rvia.rest.client.OperationManager.processForAPI(OperationManager.java:231)
	at com.rsi.rvia.rest.client.OperationManagerTest.testProcessForAPI(Unknown Source)
	at sun.reflect.NativeMethodAccessorImpl.invoke0(Native Method)
	at sun.reflect.NativeMethodAccessorImpl.invoke(NativeMethodAccessorImpl.java:57)
	at sun.reflect.DelegatingMethodAccessorImpl.invoke(DelegatingMethodAccessorImpl.java:43)
	at java.lang.reflect.Method.invoke(Method.java:606)
	at org.junit.runners.model.FrameworkMethod$1.runReflectiveCall(FrameworkMethod.java:50)
	at org.junit.internal.runners.model.ReflectiveCallable.run(ReflectiveCallable.java:12)
	at org.junit.runners.model.FrameworkMethod.invokeExplosively(FrameworkMethod.java:47)
	at org.junit.internal.runners.statements.InvokeMethod.evaluate(InvokeMethod.java:17)
	at org.junit.internal.runners.statements.RunBefores.evaluate(RunBefores.java:26)
	at org.junit.runners.ParentRunner.runLeaf(ParentRunner.java:325)
	at org.junit.runners.BlockJUnit4ClassRunner.runChild(BlockJUnit4ClassRunner.java:78)
	at org.junit.runners.BlockJUnit4ClassRunner.runChild(BlockJUnit4ClassRunner.java:57)
	at org.junit.runners.ParentRunner$3.run(ParentRunner.java:290)
	at org.junit.runners.ParentRunner$1.schedule(ParentRunner.java:71)
	at org.junit.runners.ParentRunner.runChildren(ParentRunner.java:288)
	at org.junit.runners.ParentRunner.access$000(ParentRunner.java:58)
	at org.junit.runners.ParentRunner$2.evaluate(ParentRunner.java:268)
	at org.junit.runners.ParentRunner.run(ParentRunner.java:363)
	at junit.framework.JUnit4TestAdapter.run(JUnit4TestAdapter.java:38)
	at org.apache.tools.ant.taskdefs.optional.junit.JUnitTestRunner.run(JUnitTestRunner.java:535)
	at org.apache.tools.ant.taskdefs.optional.junit.JUnitTestRunner.launch(JUnitTestRunner.java:1182)
	at org.apache.tools.ant.taskdefs.optional.junit.JUnitTestRunner.main(JUnitTestRunner.java:1033)

Unauthorized - (http: 401) - Error interno: 9999 - Detalle: Sesión no válida - Inner Exception: java.lang.Exception
	at com.rsi.rvia.rest.client.OperationManager.processForAPI(OperationManager.java:231)
	at com.rsi.rvia.rest.client.OperationManagerTest.testProcessForAPI(Unknown Source)
	at sun.reflect.NativeMethodAccessorImpl.invoke0(Native Method)
	at sun.reflect.NativeMethodAccessorImpl.invoke(NativeMethodAccessorImpl.java:57)
	at sun.reflect.DelegatingMethodAccessorImpl.invoke(DelegatingMethodAccessorImpl.java:43)
	at java.lang.reflect.Method.invoke(Method.java:606)
	at org.junit.runners.model.FrameworkMethod$1.runReflectiveCall(FrameworkMethod.java:50)
	at org.junit.internal.runners.model.ReflectiveCallable.run(ReflectiveCallable.java:12)
	at org.junit.runners.model.FrameworkMethod.invokeExplosively(FrameworkMethod.java:47)
	at org.junit.internal.runners.statements.InvokeMethod.evaluate(InvokeMethod.java:17)
	at org.junit.internal.runners.statements.RunBefores.evaluate(RunBefores.java:26)
	at org.junit.runners.ParentRunner.runLeaf(ParentRunner.java:325)
	at org.junit.runners.BlockJUnit4ClassRunner.runChild(BlockJUnit4ClassRunner.java:78)
	at org.junit.runners.BlockJUnit4ClassRunner.runChild(BlockJUnit4ClassRunner.java:57)
	at org.junit.runners.ParentRunner$3.run(ParentRunner.java:290)
	at org.junit.runners.ParentRunner$1.schedule(ParentRunner.java:71)
	at org.junit.runners.ParentRunner.runChildren(ParentRunner.java:288)
	at org.junit.runners.ParentRunner.access$000(ParentRunner.java:58)
	at org.junit.runners.ParentRunner$2.evaluate(ParentRunner.java:268)
	at org.junit.runners.ParentRunner.run(ParentRunner.java:363)
	at junit.framework.JUnit4TestAdapter.run(JUnit4TestAdapter.java:38)
	at org.apache.tools.ant.taskdefs.optional.junit.JUnitTestRunner.run(JUnitTestRunner.java:535)
	at org.apache.tools.ant.taskdefs.optional.junit.JUnitTestRunner.launch(JUnitTestRunner.java:1182)
	at org.apache.tools.ant.taskdefs.optional.junit.JUnitTestRunner.main(JUnitTestRunner.java:1033)

	at com.rsi.rvia.rest.client.OperationManager.processForAPI(OperationManager.java:231)
	at com.rsi.rvia.rest.client.OperationManagerTest.testProcessForAPI(Unknown Source)
	at sun.reflect.NativeMethodAccessorImpl.invoke0(Native Method)
	at sun.reflect.NativeMethodAccessorImpl.invoke(NativeMethodAccessorImpl.java:57)
	at sun.reflect.DelegatingMethodAccessorImpl.invoke(DelegatingMethodAccessorImpl.java:43)
	at java.lang.reflect.Method.invoke(Method.java:606)
	at org.junit.runners.model.FrameworkMethod$1.runReflectiveCall(FrameworkMethod.java:50)
	at org.junit.internal.runners.model.ReflectiveCallable.run(ReflectiveCallable.java:12)
	at org.junit.runners.model.FrameworkMethod.invokeExplosively(FrameworkMethod.java:47)
	at org.junit.internal.runners.statements.InvokeMethod.evaluate(InvokeMethod.java:17)
	at org.junit.internal.runners.statements.RunBefores.evaluate(RunBefores.java:26)
	at org.junit.runners.ParentRunner.runLeaf(ParentRunner.java:325)
	at org.junit.runners.BlockJUnit4ClassRunner.runChild(BlockJUnit4ClassRunner.java:78)
	at org.junit.runners.BlockJUnit4ClassRunner.runChild(BlockJUnit4ClassRunner.java:57)
	at org.junit.runners.ParentRunner$3.run(ParentRunner.java:290)
	at org.junit.runners.ParentRunner$1.schedule(ParentRunner.java:71)
	at org.junit.runners.ParentRunner.runChildren(ParentRunner.java:288)
	at org.junit.runners.ParentRunner.access$000(ParentRunner.java:58)
	at org.junit.runners.ParentRunner$2.evaluate(ParentRunner.java:268)
	at org.junit.runners.ParentRunner.run(ParentRunner.java:363)
	at junit.framework.JUnit4TestAdapter.run(JUnit4TestAdapter.java:38)
	at org.apache.tools.ant.taskdefs.optional.junit.JUnitTestRunner.run(JUnitTestRunner.java:535)
	at org.apache.tools.ant.taskdefs.optional.junit.JUnitTestRunner.launch(JUnitTestRunner.java:1182)
	at org.apache.tools.ant.taskdefs.optional.junit.JUnitTestRunner.main(JUnitTestRunner.java:1033)

*2016-10-05 16:14:47.0950 LOCAL:main	INFO 	OperationManager:processForAPI	- Se procede a gestionar el error
*2016-10-05 16:14:47.0953 LOCAL:main	INFO 	OperationManager:processForAPI	- Se obtiene el JSON de error, modifica la cabecera de retrono y la plantilla si es necesario
*2016-10-05 16:14:47.0961 LOCAL:main	DEBUG	SessionRviaData:<init>	- Se procede a cargar la configuración de la conexión con ruralvia
*2016-10-05 16:14:47.0961 LOCAL:main	DEBUG	SessionRviaData:<init>	- La información viene cifrada, se procede a descifrarla
*2016-10-05 16:14:47.0961 LOCAL:main	DEBUG	SessionRviaData:<init>	- Contenido descifrado. Token: node=Banca_LNF04_07&RVIASESION=NM5WXpSCFSCb2dW7FfdQhWMJlTpLHf1h6xTKv2BTTctHtMT9DF6f!-1981069972!1474892418300&isumUserProfile=0198TS00&isumServiceId=PROXY_RVIA_REST_1022&lang=es_ES&NRBE=198&canalAix=000001
*2016-10-05 16:14:47.0966 LOCAL:main	INFO 	IsumValidation:IsValidService	- El servicio está permitido para este usuario
*2016-10-05 16:14:47.0967 LOCAL:main	DEBUG	Utils:getPrimaryPath	- StrPath: {card}/card
*2016-10-05 16:14:47.0967 LOCAL:main	DEBUG	OperationManager:createMiqQuests	- Path en el que se recibne la petición: /{card}/card
*2016-10-05 16:14:47.0967 LOCAL:main	DEBUG	OperationManager:createMiqQuests	- MiqQuest a procesar: null
*2016-10-05 16:14:47.0967 LOCAL:main	ERROR	OperationManager:processDataFromRvia	- Se captura un error. Se procede a evaluar que tipo de error es para generar la respuesta adecuada
*2016-10-05 16:14:47.0967 LOCAL:main	INFO 	ErrorManager:getErrorResponseObject	- Se gestiona un error de tipo: java.lang.NullPointerException
*2016-10-05 16:14:47.0968 LOCAL:main	ERROR	ErrorManager:getErrorResponseObject	- Se ha producido un error: java.lang.NullPointerException
java.lang.NullPointerException
	at com.rsi.rvia.rest.conector.RestConnector.getData(RestConnector.java:53)
	at com.rsi.rvia.rest.client.OperationManager.doRestConector(OperationManager.java:576)
	at com.rsi.rvia.rest.client.OperationManager.processDataFromRvia(OperationManager.java:74)
	at com.rsi.rvia.rest.client.OperationManagerTest.testProcessDataFromRviaError(Unknown Source)
	at sun.reflect.NativeMethodAccessorImpl.invoke0(Native Method)
	at sun.reflect.NativeMethodAccessorImpl.invoke(NativeMethodAccessorImpl.java:57)
	at sun.reflect.DelegatingMethodAccessorImpl.invoke(DelegatingMethodAccessorImpl.java:43)
	at java.lang.reflect.Method.invoke(Method.java:606)
	at org.junit.runners.model.FrameworkMethod$1.runReflectiveCall(FrameworkMethod.java:50)
	at org.junit.internal.runners.model.ReflectiveCallable.run(ReflectiveCallable.java:12)
	at org.junit.runners.model.FrameworkMethod.invokeExplosively(FrameworkMethod.java:47)
	at org.junit.internal.runners.statements.InvokeMethod.evaluate(InvokeMethod.java:17)
	at org.junit.internal.runners.statements.RunBefores.evaluate(RunBefores.java:26)
	at org.junit.runners.ParentRunner.runLeaf(ParentRunner.java:325)
	at org.junit.runners.BlockJUnit4ClassRunner.runChild(BlockJUnit4ClassRunner.java:78)
	at org.junit.runners.BlockJUnit4ClassRunner.runChild(BlockJUnit4ClassRunner.java:57)
	at org.junit.runners.ParentRunner$3.run(ParentRunner.java:290)
	at org.junit.runners.ParentRunner$1.schedule(ParentRunner.java:71)
	at org.junit.runners.ParentRunner.runChildren(ParentRunner.java:288)
	at org.junit.runners.ParentRunner.access$000(ParentRunner.java:58)
	at org.junit.runners.ParentRunner$2.evaluate(ParentRunner.java:268)
	at org.junit.runners.ParentRunner.run(ParentRunner.java:363)
	at junit.framework.JUnit4TestAdapter.run(JUnit4TestAdapter.java:38)
	at org.apache.tools.ant.taskdefs.optional.junit.JUnitTestRunner.run(JUnitTestRunner.java:535)
	at org.apache.tools.ant.taskdefs.optional.junit.JUnitTestRunner.launch(JUnitTestRunner.java:1182)
	at org.apache.tools.ant.taskdefs.optional.junit.JUnitTestRunner.main(JUnitTestRunner.java:1033)

*2016-10-05 16:14:47.0968 LOCAL:main	ERROR	OperationManager:processDataFromRvia	- Se ha generado un error al procesar la respuesta final
java.lang.NullPointerException: null
	at com.rsi.rvia.rest.client.OperationManager.buildResponse(OperationManager.java:478)
	at com.rsi.rvia.rest.client.OperationManager.processDataFromRvia(OperationManager.java:85)
	at com.rsi.rvia.rest.client.OperationManagerTest.testProcessDataFromRviaError(Unknown Source)
	at sun.reflect.NativeMethodAccessorImpl.invoke0(Native Method)
	at sun.reflect.NativeMethodAccessorImpl.invoke(NativeMethodAccessorImpl.java:57)
	at sun.reflect.DelegatingMethodAccessorImpl.invoke(DelegatingMethodAccessorImpl.java:43)
	at java.lang.reflect.Method.invoke(Method.java:606)
	at org.junit.runners.model.FrameworkMethod$1.runReflectiveCall(FrameworkMethod.java:50)
	at org.junit.internal.runners.model.ReflectiveCallable.run(ReflectiveCallable.java:12)
	at org.junit.runners.model.FrameworkMethod.invokeExplosively(FrameworkMethod.java:47)
	at org.junit.internal.runners.statements.InvokeMethod.evaluate(InvokeMethod.java:17)
	at org.junit.internal.runners.statements.RunBefores.evaluate(RunBefores.java:26)
	at org.junit.runners.ParentRunner.runLeaf(ParentRunner.java:325)
	at org.junit.runners.BlockJUnit4ClassRunner.runChild(BlockJUnit4ClassRunner.java:78)
	at org.junit.runners.BlockJUnit4ClassRunner.runChild(BlockJUnit4ClassRunner.java:57)
	at org.junit.runners.ParentRunner$3.run(ParentRunner.java:290)
	at org.junit.runners.ParentRunner$1.schedule(ParentRunner.java:71)
	at org.junit.runners.ParentRunner.runChildren(ParentRunner.java:288)
	at org.junit.runners.ParentRunner.access$000(ParentRunner.java:58)
	at org.junit.runners.ParentRunner$2.evaluate(ParentRunner.java:268)
	at org.junit.runners.ParentRunner.run(ParentRunner.java:363)
	at junit.framework.JUnit4TestAdapter.run(JUnit4TestAdapter.java:38)
	at org.apache.tools.ant.taskdefs.optional.junit.JUnitTestRunner.run(JUnitTestRunner.java:535)
	at org.apache.tools.ant.taskdefs.optional.junit.JUnitTestRunner.launch(JUnitTestRunner.java:1182)
	at org.apache.tools.ant.taskdefs.optional.junit.JUnitTestRunner.main(JUnitTestRunner.java:1033)
*2016-10-05 16:14:47.0968 LOCAL:main	INFO 	ErrorManager:getErrorResponseObject	- Se gestiona un error de tipo: java.lang.NullPointerException
*2016-10-05 16:14:47.0969 LOCAL:main	ERROR	ErrorManager:getErrorResponseObject	- Se ha producido un error: java.lang.NullPointerException
java.lang.NullPointerException
	at com.rsi.rvia.rest.client.OperationManager.buildResponse(OperationManager.java:478)
	at com.rsi.rvia.rest.client.OperationManager.processDataFromRvia(OperationManager.java:85)
	at com.rsi.rvia.rest.client.OperationManagerTest.testProcessDataFromRviaError(Unknown Source)
	at sun.reflect.NativeMethodAccessorImpl.invoke0(Native Method)
	at sun.reflect.NativeMethodAccessorImpl.invoke(NativeMethodAccessorImpl.java:57)
	at sun.reflect.DelegatingMethodAccessorImpl.invoke(DelegatingMethodAccessorImpl.java:43)
	at java.lang.reflect.Method.invoke(Method.java:606)
	at org.junit.runners.model.FrameworkMethod$1.runReflectiveCall(FrameworkMethod.java:50)
	at org.junit.internal.runners.model.ReflectiveCallable.run(ReflectiveCallable.java:12)
	at org.junit.runners.model.FrameworkMethod.invokeExplosively(FrameworkMethod.java:47)
	at org.junit.internal.runners.statements.InvokeMethod.evaluate(InvokeMethod.java:17)
	at org.junit.internal.runners.statements.RunBefores.evaluate(RunBefores.java:26)
	at org.junit.runners.ParentRunner.runLeaf(ParentRunner.java:325)
	at org.junit.runners.BlockJUnit4ClassRunner.runChild(BlockJUnit4ClassRunner.java:78)
	at org.junit.runners.BlockJUnit4ClassRunner.runChild(BlockJUnit4ClassRunner.java:57)
	at org.junit.runners.ParentRunner$3.run(ParentRunner.java:290)
	at org.junit.runners.ParentRunner$1.schedule(ParentRunner.java:71)
	at org.junit.runners.ParentRunner.runChildren(ParentRunner.java:288)
	at org.junit.runners.ParentRunner.access$000(ParentRunner.java:58)
	at org.junit.runners.ParentRunner$2.evaluate(ParentRunner.java:268)
	at org.junit.runners.ParentRunner.run(ParentRunner.java:363)
	at junit.framework.JUnit4TestAdapter.run(JUnit4TestAdapter.java:38)
	at org.apache.tools.ant.taskdefs.optional.junit.JUnitTestRunner.run(JUnitTestRunner.java:535)
	at org.apache.tools.ant.taskdefs.optional.junit.JUnitTestRunner.launch(JUnitTestRunner.java:1182)
	at org.apache.tools.ant.taskdefs.optional.junit.JUnitTestRunner.main(JUnitTestRunner.java:1033)

*2016-10-05 16:14:47.0969 LOCAL:main	TRACE	OperationManager:processDataFromRvia	- Se devuelve el objeto respuesta de la petición: OutboundJaxrsResponse{status=500, reason=Internal Server Error, hasEntity=false, closed=false, buffered=false}
*2016-10-05 16:14:47.0972 LOCAL:main	DEBUG	Utils:getPrimaryPath	- StrPath: foo/login
*2016-10-05 16:14:49.0769 LOCAL:main	DEBUG	AlgorithmFactoryFactory:initialize	- Initializing jose4j (running with Java 1.7.0_79 from Oracle Corporation at /Library/Java/JavaVirtualMachines/jdk1.7.0_79.jdk/Contents/Home/jre with [SUN version 1.7, SunRsaSign version 1.7, SunEC version 1.7, SunJSSE version 1.7, SunJCE version 1.7, SunJGSS version 1.7, SunSASL version 1.7, XMLDSig version 1.0, SunPCSC version 1.7, Apple version 1.1] security providers installed)...
*2016-10-05 16:14:49.0772 LOCAL:main	DEBUG	AlgorithmFactory:registerAlgorithm	- org.jose4j.jws.PlaintextNoneAlgorithm@6b2739b8 registered for alg algorithm none
*2016-10-05 16:14:49.0773 LOCAL:main	DEBUG	AlgorithmFactory:registerAlgorithm	- org.jose4j.jws.HmacUsingShaAlgorithm$HmacSha256@21869105 registered for alg algorithm HS256
*2016-10-05 16:14:49.0774 LOCAL:main	DEBUG	AlgorithmFactory:registerAlgorithm	- org.jose4j.jws.HmacUsingShaAlgorithm$HmacSha384@5fd1ba28 registered for alg algorithm HS384
*2016-10-05 16:14:49.0775 LOCAL:main	DEBUG	AlgorithmFactory:registerAlgorithm	- org.jose4j.jws.HmacUsingShaAlgorithm$HmacSha512@464a8194 registered for alg algorithm HS512
*2016-10-05 16:14:49.0777 LOCAL:main	DEBUG	AlgorithmFactory:registerAlgorithm	- org.jose4j.jws.EcdsaUsingShaAlgorithm$EcdsaP256UsingSha256@c8d310f registered for alg algorithm ES256
*2016-10-05 16:14:49.0778 LOCAL:main	DEBUG	AlgorithmFactory:registerAlgorithm	- org.jose4j.jws.EcdsaUsingShaAlgorithm$EcdsaP384UsingSha384@9a0476f registered for alg algorithm ES384
*2016-10-05 16:14:49.0778 LOCAL:main	DEBUG	AlgorithmFactory:registerAlgorithm	- org.jose4j.jws.EcdsaUsingShaAlgorithm$EcdsaP521UsingSha512@10f70ce1 registered for alg algorithm ES512
*2016-10-05 16:14:49.0779 LOCAL:main	DEBUG	AlgorithmFactory:registerAlgorithm	- org.jose4j.jws.RsaUsingShaAlgorithm$RsaSha256@50d7dcac registered for alg algorithm RS256
*2016-10-05 16:14:49.0779 LOCAL:main	DEBUG	AlgorithmFactory:registerAlgorithm	- org.jose4j.jws.RsaUsingShaAlgorithm$RsaSha384@745b171c registered for alg algorithm RS384
*2016-10-05 16:14:49.0780 LOCAL:main	DEBUG	AlgorithmFactory:registerAlgorithm	- org.jose4j.jws.RsaUsingShaAlgorithm$RsaSha512@4e20562e registered for alg algorithm RS512
*2016-10-05 16:14:49.0781 LOCAL:main	DEBUG	BaseSignatureAlgorithm:isAvailable	- PS256 vai SHA256withRSAandMGF1 is NOT available from the underlying JCE (org.jose4j.lang.JoseException: Unable to get an implementation of algorithm name: SHA256withRSAandMGF1; caused by: java.security.NoSuchAlgorithmException: SHA256withRSAandMGF1 Signature not available).
*2016-10-05 16:14:49.0781 LOCAL:main	DEBUG	AlgorithmFactory:registerAlgorithm	- PS256 is unavailable so will not be registered for alg algorithms.
*2016-10-05 16:14:49.0781 LOCAL:main	DEBUG	BaseSignatureAlgorithm:isAvailable	- PS384 vai SHA384withRSAandMGF1 is NOT available from the underlying JCE (org.jose4j.lang.JoseException: Unable to get an implementation of algorithm name: SHA384withRSAandMGF1; caused by: java.security.NoSuchAlgorithmException: SHA384withRSAandMGF1 Signature not available).
*2016-10-05 16:14:49.0782 LOCAL:main	DEBUG	AlgorithmFactory:registerAlgorithm	- PS384 is unavailable so will not be registered for alg algorithms.
*2016-10-05 16:14:49.0782 LOCAL:main	DEBUG	BaseSignatureAlgorithm:isAvailable	- PS512 vai SHA512withRSAandMGF1 is NOT available from the underlying JCE (org.jose4j.lang.JoseException: Unable to get an implementation of algorithm name: SHA512withRSAandMGF1; caused by: java.security.NoSuchAlgorithmException: SHA512withRSAandMGF1 Signature not available).
*2016-10-05 16:14:49.0782 LOCAL:main	DEBUG	AlgorithmFactory:registerAlgorithm	- PS512 is unavailable so will not be registered for alg algorithms.
*2016-10-05 16:14:49.0782 LOCAL:main	DEBUG	AlgorithmFactoryFactory:initialize	- JWS signature algorithms: [none, HS256, HS384, HS512, ES256, ES384, ES512, RS256, RS384, RS512]
*2016-10-05 16:14:49.0784 LOCAL:main	DEBUG	AlgorithmFactory:registerAlgorithm	- org.jose4j.jwe.RsaKeyManagementAlgorithm$Rsa1_5@a1eb81f registered for alg algorithm RSA1_5
*2016-10-05 16:14:49.0784 LOCAL:main	DEBUG	AlgorithmFactory:registerAlgorithm	- org.jose4j.jwe.RsaKeyManagementAlgorithm$RsaOaep@47bb813b registered for alg algorithm RSA-OAEP
*2016-10-05 16:14:49.0800 LOCAL:main	DEBUG	AlgorithmFactory:registerAlgorithm	- org.jose4j.jwe.RsaKeyManagementAlgorithm$RsaOaep256@619ec587 registered for alg algorithm RSA-OAEP-256
*2016-10-05 16:14:49.0801 LOCAL:main	DEBUG	AlgorithmFactory:registerAlgorithm	- org.jose4j.jwe.DirectKeyManagementAlgorithm@65496746 registered for alg algorithm dir
*2016-10-05 16:14:49.0802 LOCAL:main	DEBUG	AlgorithmFactory:registerAlgorithm	- org.jose4j.jwe.AesKeyWrapManagementAlgorithm$Aes128@56e70883 registered for alg algorithm A128KW
*2016-10-05 16:14:49.0803 LOCAL:main	DEBUG	CipherStrengthSupport:isAvailable	- max allowed key length for AESWrap is 128
*2016-10-05 16:14:49.0803 LOCAL:main	DEBUG	AlgorithmFactory:registerAlgorithm	- A192KW is unavailable so will not be registered for alg algorithms.
*2016-10-05 16:14:49.0804 LOCAL:main	DEBUG	CipherStrengthSupport:isAvailable	- max allowed key length for AESWrap is 128
*2016-10-05 16:14:49.0804 LOCAL:main	DEBUG	AlgorithmFactory:registerAlgorithm	- A256KW is unavailable so will not be registered for alg algorithms.
*2016-10-05 16:14:49.0807 LOCAL:main	DEBUG	AlgorithmFactory:registerAlgorithm	- org.jose4j.jwe.EcdhKeyAgreementAlgorithm@631e426e registered for alg algorithm ECDH-ES
*2016-10-05 16:14:49.0809 LOCAL:main	DEBUG	AlgorithmFactory:registerAlgorithm	- org.jose4j.jwe.EcdhKeyAgreementWithAesKeyWrapAlgorithm$EcdhKeyAgreementWithAes128KeyWrapAlgorithm@20b8610d registered for alg algorithm ECDH-ES+A128KW
*2016-10-05 16:14:49.0810 LOCAL:main	DEBUG	CipherStrengthSupport:isAvailable	- max allowed key length for AESWrap is 128
*2016-10-05 16:14:49.0810 LOCAL:main	DEBUG	AlgorithmFactory:registerAlgorithm	- ECDH-ES+A192KW is unavailable so will not be registered for alg algorithms.
*2016-10-05 16:14:49.0811 LOCAL:main	DEBUG	CipherStrengthSupport:isAvailable	- max allowed key length for AESWrap is 128
*2016-10-05 16:14:49.0811 LOCAL:main	DEBUG	AlgorithmFactory:registerAlgorithm	- ECDH-ES+A256KW is unavailable so will not be registered for alg algorithms.
*2016-10-05 16:14:49.0813 LOCAL:main	DEBUG	AlgorithmFactory:registerAlgorithm	- org.jose4j.jwe.Pbes2HmacShaWithAesKeyWrapAlgorithm$HmacSha256Aes128@295d5fc0 registered for alg algorithm PBES2-HS256+A128KW
*2016-10-05 16:14:49.0813 LOCAL:main	DEBUG	CipherStrengthSupport:isAvailable	- max allowed key length for AESWrap is 128
*2016-10-05 16:14:49.0814 LOCAL:main	DEBUG	AlgorithmFactory:registerAlgorithm	- PBES2-HS384+A192KW is unavailable so will not be registered for alg algorithms.
*2016-10-05 16:14:49.0814 LOCAL:main	DEBUG	CipherStrengthSupport:isAvailable	- max allowed key length for AESWrap is 128
*2016-10-05 16:14:49.0814 LOCAL:main	DEBUG	AlgorithmFactory:registerAlgorithm	- PBES2-HS512+A256KW is unavailable so will not be registered for alg algorithms.
*2016-10-05 16:14:49.0816 LOCAL:main	DEBUG	SimpleAeadCipher:isAvailable	- A128GCMKW is not available (org.jose4j.lang.JoseException: java.security.NoSuchAlgorithmException: Cannot find any provider supporting AES/GCM/NoPadding; caused by: java.security.NoSuchAlgorithmException: Cannot find any provider supporting AES/GCM/NoPadding).
*2016-10-05 16:14:49.0816 LOCAL:main	DEBUG	AlgorithmFactory:registerAlgorithm	- A128GCMKW is unavailable so will not be registered for alg algorithms.
*2016-10-05 16:14:49.0817 LOCAL:main	DEBUG	CipherStrengthSupport:isAvailable	- max allowed key length for AES/GCM/NoPadding is 128
*2016-10-05 16:14:49.0817 LOCAL:main	DEBUG	AlgorithmFactory:registerAlgorithm	- A192GCMKW is unavailable so will not be registered for alg algorithms.
*2016-10-05 16:14:49.0817 LOCAL:main	DEBUG	CipherStrengthSupport:isAvailable	- max allowed key length for AES/GCM/NoPadding is 128
*2016-10-05 16:14:49.0817 LOCAL:main	DEBUG	AlgorithmFactory:registerAlgorithm	- A256GCMKW is unavailable so will not be registered for alg algorithms.
*2016-10-05 16:14:49.0818 LOCAL:main	DEBUG	AlgorithmFactoryFactory:initialize	- JWE key management algorithms: [RSA1_5, RSA-OAEP, RSA-OAEP-256, dir, A128KW, ECDH-ES, ECDH-ES+A128KW, PBES2-HS256+A128KW]
*2016-10-05 16:14:49.0819 LOCAL:main	DEBUG	AlgorithmFactory:registerAlgorithm	- org.jose4j.jwe.AesCbcHmacSha2ContentEncryptionAlgorithm$Aes128CbcHmacSha256@55ac0673 registered for enc algorithm A128CBC-HS256
*2016-10-05 16:14:49.0819 LOCAL:main	DEBUG	CipherStrengthSupport:isAvailable	- max allowed key length for AES/CBC/PKCS5Padding is 128
*2016-10-05 16:14:49.0819 LOCAL:main	DEBUG	AlgorithmFactory:registerAlgorithm	- A192CBC-HS384 is unavailable so will not be registered for enc algorithms.
*2016-10-05 16:14:49.0820 LOCAL:main	DEBUG	CipherStrengthSupport:isAvailable	- max allowed key length for AES/CBC/PKCS5Padding is 128
*2016-10-05 16:14:49.0820 LOCAL:main	DEBUG	AlgorithmFactory:registerAlgorithm	- A256CBC-HS512 is unavailable so will not be registered for enc algorithms.
*2016-10-05 16:14:49.0821 LOCAL:main	DEBUG	SimpleAeadCipher:isAvailable	- A128GCM is not available (org.jose4j.lang.JoseException: java.security.NoSuchAlgorithmException: Cannot find any provider supporting AES/GCM/NoPadding; caused by: java.security.NoSuchAlgorithmException: Cannot find any provider supporting AES/GCM/NoPadding).
*2016-10-05 16:14:49.0821 LOCAL:main	DEBUG	AlgorithmFactory:registerAlgorithm	- A128GCM is unavailable so will not be registered for enc algorithms.
*2016-10-05 16:14:49.0821 LOCAL:main	DEBUG	CipherStrengthSupport:isAvailable	- max allowed key length for AES/GCM/NoPadding is 128
*2016-10-05 16:14:49.0821 LOCAL:main	DEBUG	AlgorithmFactory:registerAlgorithm	- A192GCM is unavailable so will not be registered for enc algorithms.
*2016-10-05 16:14:49.0822 LOCAL:main	DEBUG	CipherStrengthSupport:isAvailable	- max allowed key length for AES/GCM/NoPadding is 128
*2016-10-05 16:14:49.0822 LOCAL:main	DEBUG	AlgorithmFactory:registerAlgorithm	- A256GCM is unavailable so will not be registered for enc algorithms.
*2016-10-05 16:14:49.0822 LOCAL:main	DEBUG	AlgorithmFactoryFactory:initialize	- JWE content encryption algorithms: [A128CBC-HS256]
*2016-10-05 16:14:49.0823 LOCAL:main	DEBUG	AlgorithmFactory:registerAlgorithm	- org.jose4j.zip.DeflateRFC1951CompressionAlgorithm@5c192a58 registered for zip algorithm DEF
*2016-10-05 16:14:49.0823 LOCAL:main	DEBUG	AlgorithmFactoryFactory:initialize	- JWE compression algorithms: [DEF]
*2016-10-05 16:14:49.0823 LOCAL:main	DEBUG	AlgorithmFactoryFactory:initialize	- Initialized jose4j in 53ms
*2016-10-05 16:14:49.0832 LOCAL:main	INFO 	ManageJWToken:generateJWT	- Nuevo JWT: eyJraWQiOiJrMSIsImFsZyI6IlJTMjU2In0.eyJpc3MiOiJSU0kiLCJhdWQiOiJDYWphNyIsImV4cCI6MTQ3NTcxNTI4OSwianRpIjoicWVTVmxtdXUwbndob0RyU3JmNUtQQSIsImlhdCI6MTQ3NTcwOTI4OSwibmJmIjoxNDc1NzA5MTY5LCJzdWIiOiJBc3VudG8gZGVsIGNvbnRleHRvIiwiY29udGV4dCI6eyJjb2RFbnRpZGFkIjoiMzA3NiIsIm5UYXJqZXRhIjoiMzA3NjcxNjY3IiwiaWRJbnRlcm5vUGUiOiIxMDQ5NTUifX0.QCwJ-IbYyyKv_WKGYriI0-7BeWfa4O7XZI7FqmsfQX4yrYg9A86isYwMGc6rF9rV-hOzKdLbu2TVYCoZ7R8X-kkPAGA-pcNzrfCo9E_NMg59bF4Z1SlBX836OEeHuFJmzez_TAHm2frVZ-JTg6hA6hW2aVuvTTKWQ6ZLGgx_4iMj9HgJXG0SaY42_g68z88KyWpOqgV8ZgEb_OgdHP-IJ9YIX18f3ZBehSyLAdPgvkcGAdZ4Nw9eprAZjyG8cRntsdjPrhr55v3cVr3zY_HV1vj3_bIDqxSBhYe2dMs0fz34fvwoPJM47AEWJFx-Gk3T4sfv7JIeCe3og1OyoBS_ow
*2016-10-05 16:14:49.0834 LOCAL:main	ERROR	OperationManager:processForAPI	- Se captura un error. Se procede a evaluar que tipo de error es para generar la respuesta adecuada
*2016-10-05 16:14:49.0834 LOCAL:main	INFO 	ErrorManager:getErrorResponseObject	- Se gestiona un error de tipo: java.lang.NullPointerException
*2016-10-05 16:14:49.0834 LOCAL:main	ERROR	ErrorManager:getErrorResponseObject	- Se ha producido un error: java.lang.NullPointerException
java.lang.NullPointerException
	at com.rsi.rvia.rest.conector.RestConnector.getData(RestConnector.java:53)
	at com.rsi.rvia.rest.client.OperationManager.processForAPI(OperationManager.java:239)
	at com.rsi.rvia.rest.client.OperationManagerTest.testProcessForAPILogin(Unknown Source)
	at sun.reflect.NativeMethodAccessorImpl.invoke0(Native Method)
	at sun.reflect.NativeMethodAccessorImpl.invoke(NativeMethodAccessorImpl.java:57)
	at sun.reflect.DelegatingMethodAccessorImpl.invoke(DelegatingMethodAccessorImpl.java:43)
	at java.lang.reflect.Method.invoke(Method.java:606)
	at org.junit.runners.model.FrameworkMethod$1.runReflectiveCall(FrameworkMethod.java:50)
	at org.junit.internal.runners.model.ReflectiveCallable.run(ReflectiveCallable.java:12)
	at org.junit.runners.model.FrameworkMethod.invokeExplosively(FrameworkMethod.java:47)
	at org.junit.internal.runners.statements.InvokeMethod.evaluate(InvokeMethod.java:17)
	at org.junit.internal.runners.statements.RunBefores.evaluate(RunBefores.java:26)
	at org.junit.runners.ParentRunner.runLeaf(ParentRunner.java:325)
	at org.junit.runners.BlockJUnit4ClassRunner.runChild(BlockJUnit4ClassRunner.java:78)
	at org.junit.runners.BlockJUnit4ClassRunner.runChild(BlockJUnit4ClassRunner.java:57)
	at org.junit.runners.ParentRunner$3.run(ParentRunner.java:290)
	at org.junit.runners.ParentRunner$1.schedule(ParentRunner.java:71)
	at org.junit.runners.ParentRunner.runChildren(ParentRunner.java:288)
	at org.junit.runners.ParentRunner.access$000(ParentRunner.java:58)
	at org.junit.runners.ParentRunner$2.evaluate(ParentRunner.java:268)
	at org.junit.runners.ParentRunner.run(ParentRunner.java:363)
	at junit.framework.JUnit4TestAdapter.run(JUnit4TestAdapter.java:38)
	at org.apache.tools.ant.taskdefs.optional.junit.JUnitTestRunner.run(JUnitTestRunner.java:535)
	at org.apache.tools.ant.taskdefs.optional.junit.JUnitTestRunner.launch(JUnitTestRunner.java:1182)
	at org.apache.tools.ant.taskdefs.optional.junit.JUnitTestRunner.main(JUnitTestRunner.java:1033)

*2016-10-05 16:14:49.0835 LOCAL:main	INFO 	OperationManager:processForAPI	- Se procede a gestionar el error
*2016-10-05 16:14:49.0835 LOCAL:main	INFO 	OperationManager:processForAPI	- Se obtiene el JSON de error, modifica la cabecera de retrono y la plantilla si es necesario
*2016-10-05 16:14:49.0838 LOCAL:main	DEBUG	Utils:getPrimaryPath	- StrPath: foo/{foo}
*2016-10-05 16:14:49.0838 LOCAL:main	DEBUG	OperationManager:processTemplate	- Path en el que se recibne la petición: /foo/{foo}
*2016-10-05 16:14:49.0838 LOCAL:main	DEBUG	OperationManager:processTemplate	- MiqQuest a procesar: null
*2016-10-05 16:14:49.0838 LOCAL:main	ERROR	OperationManager:processTemplate	- Se ha generado un error al procesar la respuesta final
java.lang.NullPointerException: null
	at com.rsi.rvia.rest.client.OperationManager.buildResponse(OperationManager.java:478)
	at com.rsi.rvia.rest.client.OperationManager.processTemplate(OperationManager.java:390)
	at com.rsi.rvia.rest.client.OperationManagerTest.testProcessTemplate(Unknown Source)
	at sun.reflect.NativeMethodAccessorImpl.invoke0(Native Method)
	at sun.reflect.NativeMethodAccessorImpl.invoke(NativeMethodAccessorImpl.java:57)
	at sun.reflect.DelegatingMethodAccessorImpl.invoke(DelegatingMethodAccessorImpl.java:43)
	at java.lang.reflect.Method.invoke(Method.java:606)
	at org.junit.runners.model.FrameworkMethod$1.runReflectiveCall(FrameworkMethod.java:50)
	at org.junit.internal.runners.model.ReflectiveCallable.run(ReflectiveCallable.java:12)
	at org.junit.runners.model.FrameworkMethod.invokeExplosively(FrameworkMethod.java:47)
	at org.junit.internal.runners.statements.InvokeMethod.evaluate(InvokeMethod.java:17)
	at org.junit.internal.runners.statements.RunBefores.evaluate(RunBefores.java:26)
	at org.junit.runners.ParentRunner.runLeaf(ParentRunner.java:325)
	at org.junit.runners.BlockJUnit4ClassRunner.runChild(BlockJUnit4ClassRunner.java:78)
	at org.junit.runners.BlockJUnit4ClassRunner.runChild(BlockJUnit4ClassRunner.java:57)
	at org.junit.runners.ParentRunner$3.run(ParentRunner.java:290)
	at org.junit.runners.ParentRunner$1.schedule(ParentRunner.java:71)
	at org.junit.runners.ParentRunner.runChildren(ParentRunner.java:288)
	at org.junit.runners.ParentRunner.access$000(ParentRunner.java:58)
	at org.junit.runners.ParentRunner$2.evaluate(ParentRunner.java:268)
	at org.junit.runners.ParentRunner.run(ParentRunner.java:363)
	at junit.framework.JUnit4TestAdapter.run(JUnit4TestAdapter.java:38)
	at org.apache.tools.ant.taskdefs.optional.junit.JUnitTestRunner.run(JUnitTestRunner.java:535)
	at org.apache.tools.ant.taskdefs.optional.junit.JUnitTestRunner.launch(JUnitTestRunner.java:1182)
	at org.apache.tools.ant.taskdefs.optional.junit.JUnitTestRunner.main(JUnitTestRunner.java:1033)
*2016-10-05 16:14:49.0839 LOCAL:main	INFO 	ErrorManager:getErrorResponseObject	- Se gestiona un error de tipo: java.lang.NullPointerException
*2016-10-05 16:14:49.0839 LOCAL:main	ERROR	ErrorManager:getErrorResponseObject	- Se ha producido un error: java.lang.NullPointerException
java.lang.NullPointerException
	at com.rsi.rvia.rest.client.OperationManager.buildResponse(OperationManager.java:478)
	at com.rsi.rvia.rest.client.OperationManager.processTemplate(OperationManager.java:390)
	at com.rsi.rvia.rest.client.OperationManagerTest.testProcessTemplate(Unknown Source)
	at sun.reflect.NativeMethodAccessorImpl.invoke0(Native Method)
	at sun.reflect.NativeMethodAccessorImpl.invoke(NativeMethodAccessorImpl.java:57)
	at sun.reflect.DelegatingMethodAccessorImpl.invoke(DelegatingMethodAccessorImpl.java:43)
	at java.lang.reflect.Method.invoke(Method.java:606)
	at org.junit.runners.model.FrameworkMethod$1.runReflectiveCall(FrameworkMethod.java:50)
	at org.junit.internal.runners.model.ReflectiveCallable.run(ReflectiveCallable.java:12)
	at org.junit.runners.model.FrameworkMethod.invokeExplosively(FrameworkMethod.java:47)
	at org.junit.internal.runners.statements.InvokeMethod.evaluate(InvokeMethod.java:17)
	at org.junit.internal.runners.statements.RunBefores.evaluate(RunBefores.java:26)
	at org.junit.runners.ParentRunner.runLeaf(ParentRunner.java:325)
	at org.junit.runners.BlockJUnit4ClassRunner.runChild(BlockJUnit4ClassRunner.java:78)
	at org.junit.runners.BlockJUnit4ClassRunner.runChild(BlockJUnit4ClassRunner.java:57)
	at org.junit.runners.ParentRunner$3.run(ParentRunner.java:290)
	at org.junit.runners.ParentRunner$1.schedule(ParentRunner.java:71)
	at org.junit.runners.ParentRunner.runChildren(ParentRunner.java:288)
	at org.junit.runners.ParentRunner.access$000(ParentRunner.java:58)
	at org.junit.runners.ParentRunner$2.evaluate(ParentRunner.java:268)
	at org.junit.runners.ParentRunner.run(ParentRunner.java:363)
	at junit.framework.JUnit4TestAdapter.run(JUnit4TestAdapter.java:38)
	at org.apache.tools.ant.taskdefs.optional.junit.JUnitTestRunner.run(JUnitTestRunner.java:535)
	at org.apache.tools.ant.taskdefs.optional.junit.JUnitTestRunner.launch(JUnitTestRunner.java:1182)
	at org.apache.tools.ant.taskdefs.optional.junit.JUnitTestRunner.main(JUnitTestRunner.java:1033)

*2016-10-05 16:14:49.0839 LOCAL:main	TRACE	OperationManager:processTemplate	- Se devuelve el objeto respuesta de la petición: OutboundJaxrsResponse{status=500, reason=Internal Server Error, hasEntity=false, closed=false, buffered=false}
*2016-10-05 16:14:49.0841 LOCAL:main	DEBUG	SessionRviaData:<init>	- Se procede a cargar la configuración de la conexión con ruralvia
*2016-10-05 16:14:49.0842 LOCAL:main	DEBUG	SessionRviaData:<init>	- La información viene cifrada, se procede a descifrarla
*2016-10-05 16:14:49.0842 LOCAL:main	DEBUG	SessionRviaData:<init>	- Contenido descifrado. Token: node=Banca_LNF04_07&RVIASESION=NM5WXpSCFSCb2dW7FfdQhWMJlTpLHf1h6xTKv2BTTctHtMT9DF6f!-1981069972!1474892418300&isumUserProfile=0198TS00&isumServiceId=PROXY_RVIA_REST_1022&lang=es_ES&NRBE=198&canalAix=000001
*2016-10-05 16:14:49.0847 LOCAL:main	INFO 	IsumValidation:IsValidService	- El servicio está permitido para este usuario
*2016-10-05 16:14:49.0847 LOCAL:main	DEBUG	Utils:getPrimaryPath	- StrPath: rsiapi/contracts
*2016-10-05 16:14:49.0847 LOCAL:main	DEBUG	OperationManager:createMiqQuests	- Path en el que se recibne la petición: /rsiapi/contracts
*2016-10-05 16:14:49.0848 LOCAL:main	DEBUG	OperationManager:createMiqQuests	- MiqQuest a procesar: IdMiq         :2011
PathRest :/rsiapi/contracts
ComponentType :API
EndPoint      :http://localhost:8080/api/costcontrolapi/controlDeGastosAcuerdos.jsp
Template      : 
*2016-10-05 16:14:49.0848 LOCAL:main	INFO 	RestConnector:getData	- Se obtiene la configuración de la base de datos. MiqQuest: IdMiq         :2011
PathRest :/rsiapi/contracts
ComponentType :API
EndPoint      :http://localhost:8080/api/costcontrolapi/controlDeGastosAcuerdos.jsp
Template      : 
*2016-10-05 16:14:49.0848 LOCAL:main	INFO 	RestConnector:getData	- Se recibe una petición con tipo de metodo : GET a API
*2016-10-05 16:14:49.0887 LOCAL:main	INFO 	RestWSConnector:get	- END_POINT:http://localhost:8080/api/costcontrolapi/controlDeGastosAcuerdos.jsp
*2016-10-05 16:14:50.0055 LOCAL:main	INFO 	RestWSConnector:get	- GET: InboundJaxrsResponse{context=ClientResponse{method=GET, uri=http://localhost:8080/api/costcontrolapi/controlDeGastosAcuerdos.jsp?&idMiq=2011, status=200, reason=OK}}
*2016-10-05 16:14:50.0056 LOCAL:main	INFO 	OperationManager:doRestConector	- Respuesta recuperada del conector, se procede a procesar su contenido
*2016-10-05 16:14:50.0065 LOCAL:main	ERROR	RestRviaConnector:isRVIAError	- No es un error de RVIA
*2016-10-05 16:14:50.0065 LOCAL:main	INFO 	ResponseManager:checkLogicalError	- No se han detectado errores en el json de respuesta, se continua la ejecución normal
*2016-10-05 16:14:50.0065 LOCAL:main	WARN 	RestWSConnector:isWSJson	- No es un JSON de WS
*2016-10-05 16:14:50.0066 LOCAL:main	INFO 	OperationManager:processDataFromRvia	- Respuesta correcta. Datos finales obtenidos: {"response":{"data":[]}}
*2016-10-05 16:14:50.0066 LOCAL:main	TRACE	OperationManager:processDataFromRvia	- Se devuelve el objeto respuesta de la petición: OutboundJaxrsResponse{status=200, reason=OK, hasEntity=true, closed=false, buffered=false}
*2016-10-05 16:14:50.0069 LOCAL:main	DEBUG	Utils:getPrimaryPath	- StrPath: foo/{foo}
*2016-10-05 16:14:50.0069 LOCAL:main	DEBUG	OperationManager:createMiqQuests	- Path en el que se recibne la petición: /foo/{foo}
*2016-10-05 16:14:50.0069 LOCAL:main	DEBUG	OperationManager:createMiqQuests	- MiqQuest a procesar: null
*2016-10-05 16:14:50.0069 LOCAL:main	ERROR	OperationManager:processGenericAPP	- Se captura un error. Se procede a evaluar que tipo de error es para generar la respuesta adecuada
*2016-10-05 16:14:50.0069 LOCAL:main	INFO 	ErrorManager:getErrorResponseObject	- Se gestiona un error de tipo: java.lang.NullPointerException
*2016-10-05 16:14:50.0070 LOCAL:main	ERROR	ErrorManager:getErrorResponseObject	- Se ha producido un error: java.lang.NullPointerException
java.lang.NullPointerException
	at com.rsi.rvia.rest.conector.RestConnector.getData(RestConnector.java:53)
	at com.rsi.rvia.rest.client.OperationManager.doRestConector(OperationManager.java:576)
	at com.rsi.rvia.rest.client.OperationManager.processGenericAPP(OperationManager.java:432)
	at com.rsi.rvia.rest.client.OperationManagerTest.testProcessGenericAPP(Unknown Source)
	at sun.reflect.NativeMethodAccessorImpl.invoke0(Native Method)
	at sun.reflect.NativeMethodAccessorImpl.invoke(NativeMethodAccessorImpl.java:57)
	at sun.reflect.DelegatingMethodAccessorImpl.invoke(DelegatingMethodAccessorImpl.java:43)
	at java.lang.reflect.Method.invoke(Method.java:606)
	at org.junit.runners.model.FrameworkMethod$1.runReflectiveCall(FrameworkMethod.java:50)
	at org.junit.internal.runners.model.ReflectiveCallable.run(ReflectiveCallable.java:12)
	at org.junit.runners.model.FrameworkMethod.invokeExplosively(FrameworkMethod.java:47)
	at org.junit.internal.runners.statements.InvokeMethod.evaluate(InvokeMethod.java:17)
	at org.junit.internal.runners.statements.RunBefores.evaluate(RunBefores.java:26)
	at org.junit.runners.ParentRunner.runLeaf(ParentRunner.java:325)
	at org.junit.runners.BlockJUnit4ClassRunner.runChild(BlockJUnit4ClassRunner.java:78)
	at org.junit.runners.BlockJUnit4ClassRunner.runChild(BlockJUnit4ClassRunner.java:57)
	at org.junit.runners.ParentRunner$3.run(ParentRunner.java:290)
	at org.junit.runners.ParentRunner$1.schedule(ParentRunner.java:71)
	at org.junit.runners.ParentRunner.runChildren(ParentRunner.java:288)
	at org.junit.runners.ParentRunner.access$000(ParentRunner.java:58)
	at org.junit.runners.ParentRunner$2.evaluate(ParentRunner.java:268)
	at org.junit.runners.ParentRunner.run(ParentRunner.java:363)
	at junit.framework.JUnit4TestAdapter.run(JUnit4TestAdapter.java:38)
	at org.apache.tools.ant.taskdefs.optional.junit.JUnitTestRunner.run(JUnitTestRunner.java:535)
	at org.apache.tools.ant.taskdefs.optional.junit.JUnitTestRunner.launch(JUnitTestRunner.java:1182)
	at org.apache.tools.ant.taskdefs.optional.junit.JUnitTestRunner.main(JUnitTestRunner.java:1033)

*2016-10-05 16:14:50.0070 LOCAL:main	ERROR	OperationManager:processGenericAPP	- Se ha generado un error al procesar la respuesta final
java.lang.NullPointerException: null
	at com.rsi.rvia.rest.client.OperationManager.buildResponse(OperationManager.java:478)
	at com.rsi.rvia.rest.client.OperationManager.processGenericAPP(OperationManager.java:443)
	at com.rsi.rvia.rest.client.OperationManagerTest.testProcessGenericAPP(Unknown Source)
	at sun.reflect.NativeMethodAccessorImpl.invoke0(Native Method)
	at sun.reflect.NativeMethodAccessorImpl.invoke(NativeMethodAccessorImpl.java:57)
	at sun.reflect.DelegatingMethodAccessorImpl.invoke(DelegatingMethodAccessorImpl.java:43)
	at java.lang.reflect.Method.invoke(Method.java:606)
	at org.junit.runners.model.FrameworkMethod$1.runReflectiveCall(FrameworkMethod.java:50)
	at org.junit.internal.runners.model.ReflectiveCallable.run(ReflectiveCallable.java:12)
	at org.junit.runners.model.FrameworkMethod.invokeExplosively(FrameworkMethod.java:47)
	at org.junit.internal.runners.statements.InvokeMethod.evaluate(InvokeMethod.java:17)
	at org.junit.internal.runners.statements.RunBefores.evaluate(RunBefores.java:26)
	at org.junit.runners.ParentRunner.runLeaf(ParentRunner.java:325)
	at org.junit.runners.BlockJUnit4ClassRunner.runChild(BlockJUnit4ClassRunner.java:78)
	at org.junit.runners.BlockJUnit4ClassRunner.runChild(BlockJUnit4ClassRunner.java:57)
	at org.junit.runners.ParentRunner$3.run(ParentRunner.java:290)
	at org.junit.runners.ParentRunner$1.schedule(ParentRunner.java:71)
	at org.junit.runners.ParentRunner.runChildren(ParentRunner.java:288)
	at org.junit.runners.ParentRunner.access$000(ParentRunner.java:58)
	at org.junit.runners.ParentRunner$2.evaluate(ParentRunner.java:268)
	at org.junit.runners.ParentRunner.run(ParentRunner.java:363)
	at junit.framework.JUnit4TestAdapter.run(JUnit4TestAdapter.java:38)
	at org.apache.tools.ant.taskdefs.optional.junit.JUnitTestRunner.run(JUnitTestRunner.java:535)
	at org.apache.tools.ant.taskdefs.optional.junit.JUnitTestRunner.launch(JUnitTestRunner.java:1182)
	at org.apache.tools.ant.taskdefs.optional.junit.JUnitTestRunner.main(JUnitTestRunner.java:1033)
*2016-10-05 16:14:50.0070 LOCAL:main	INFO 	ErrorManager:getErrorResponseObject	- Se gestiona un error de tipo: java.lang.NullPointerException
*2016-10-05 16:14:50.0070 LOCAL:main	ERROR	ErrorManager:getErrorResponseObject	- Se ha producido un error: java.lang.NullPointerException
java.lang.NullPointerException
	at com.rsi.rvia.rest.client.OperationManager.buildResponse(OperationManager.java:478)
	at com.rsi.rvia.rest.client.OperationManager.processGenericAPP(OperationManager.java:443)
	at com.rsi.rvia.rest.client.OperationManagerTest.testProcessGenericAPP(Unknown Source)
	at sun.reflect.NativeMethodAccessorImpl.invoke0(Native Method)
	at sun.reflect.NativeMethodAccessorImpl.invoke(NativeMethodAccessorImpl.java:57)
	at sun.reflect.DelegatingMethodAccessorImpl.invoke(DelegatingMethodAccessorImpl.java:43)
	at java.lang.reflect.Method.invoke(Method.java:606)
	at org.junit.runners.model.FrameworkMethod$1.runReflectiveCall(FrameworkMethod.java:50)
	at org.junit.internal.runners.model.ReflectiveCallable.run(ReflectiveCallable.java:12)
	at org.junit.runners.model.FrameworkMethod.invokeExplosively(FrameworkMethod.java:47)
	at org.junit.internal.runners.statements.InvokeMethod.evaluate(InvokeMethod.java:17)
	at org.junit.internal.runners.statements.RunBefores.evaluate(RunBefores.java:26)
	at org.junit.runners.ParentRunner.runLeaf(ParentRunner.java:325)
	at org.junit.runners.BlockJUnit4ClassRunner.runChild(BlockJUnit4ClassRunner.java:78)
	at org.junit.runners.BlockJUnit4ClassRunner.runChild(BlockJUnit4ClassRunner.java:57)
	at org.junit.runners.ParentRunner$3.run(ParentRunner.java:290)
	at org.junit.runners.ParentRunner$1.schedule(ParentRunner.java:71)
	at org.junit.runners.ParentRunner.runChildren(ParentRunner.java:288)
	at org.junit.runners.ParentRunner.access$000(ParentRunner.java:58)
	at org.junit.runners.ParentRunner$2.evaluate(ParentRunner.java:268)
	at org.junit.runners.ParentRunner.run(ParentRunner.java:363)
	at junit.framework.JUnit4TestAdapter.run(JUnit4TestAdapter.java:38)
	at org.apache.tools.ant.taskdefs.optional.junit.JUnitTestRunner.run(JUnitTestRunner.java:535)
	at org.apache.tools.ant.taskdefs.optional.junit.JUnitTestRunner.launch(JUnitTestRunner.java:1182)
	at org.apache.tools.ant.taskdefs.optional.junit.JUnitTestRunner.main(JUnitTestRunner.java:1033)

*2016-10-05 16:14:50.0071 LOCAL:main	TRACE	OperationManager:processGenericAPP	- Se devuelve el objeto respuesta de la petición: OutboundJaxrsResponse{status=500, reason=Internal Server Error, hasEntity=false, closed=false, buffered=false}
]]></system-out>
  <system-err><![CDATA[]]></system-err>
</testsuite>
