<?xml version="1.0" encoding="UTF-8" ?>
<testsuite errors="0" failures="0" hostname="david-rsi.local" name="com.rsi.rvia.translates.TranslateProcessorTest" skipped="0" tests="2" time="0.364" timestamp="2016-10-05T23:14:52">
  <properties>
[...]
</properties>
  <testcase classname="com.rsi.rvia.translates.TranslateProcessorTest" name="testRestartCache" time="0.312" />
  <testcase classname="com.rsi.rvia.translates.TranslateProcessorTest" name="testGetSizeCache" time="0.002" />
  <system-out><![CDATA[16:14:52,529 |-INFO in ch.qos.logback.classic.LoggerContext[default] - Could NOT find resource [logback.groovy]
16:14:52,529 |-INFO in ch.qos.logback.classic.LoggerContext[default] - Could NOT find resource [logback-test.xml]
16:14:52,530 |-INFO in ch.qos.logback.classic.LoggerContext[default] - Found resource [logback.xml] at [file:/Users/U020976/Documents/workspace/OPC/configurations/logback.xml]
16:14:52,580 |-INFO in ch.qos.logback.classic.joran.action.ConfigurationAction - debug attribute not set
16:14:52,588 |-INFO in ch.qos.logback.classic.joran.action.ConfigurationAction - Will scan for changes in [file:/Users/U020976/Documents/workspace/OPC/configurations/logback.xml] 
16:14:52,588 |-INFO in ch.qos.logback.classic.joran.action.ConfigurationAction - Setting ReconfigureOnChangeTask scanning period to 5 minutes
16:14:52,591 |-INFO in ch.qos.logback.core.joran.action.AppenderAction - About to instantiate appender of type [ch.qos.logback.core.ConsoleAppender]
16:14:52,594 |-INFO in ch.qos.logback.core.joran.action.AppenderAction - Naming appender as [stdout]
16:14:52,629 |-INFO in ch.qos.logback.core.joran.action.AppenderAction - About to instantiate appender of type [ch.qos.logback.core.rolling.RollingFileAppender]
16:14:52,631 |-INFO in ch.qos.logback.core.joran.action.AppenderAction - Naming appender as [file]
16:14:52,641 |-INFO in c.q.l.core.rolling.SizeAndTimeBasedRollingPolicy@280807003 - Achive files will be limied to [30MB] each.
16:14:52,643 |-INFO in c.q.l.core.rolling.SizeAndTimeBasedRollingPolicy@280807003 - No compression will be used
16:14:52,644 |-INFO in c.q.l.core.rolling.SizeAndTimeBasedRollingPolicy@280807003 - Will use the pattern /tmp/REP_RURALVIA_REST/REP_RURALVIA_REST-%d{yyyy-MM-dd}.%i.log for the active file
16:14:52,646 |-INFO in ch.qos.logback.core.rolling.SizeAndTimeBasedFNATP@598288f2 - The date pattern is 'yyyy-MM-dd' from file name pattern '/tmp/REP_RURALVIA_REST/REP_RURALVIA_REST-%d{yyyy-MM-dd}.%i.log'.
16:14:52,646 |-INFO in ch.qos.logback.core.rolling.SizeAndTimeBasedFNATP@598288f2 - Roll-over at midnight.
16:14:52,649 |-INFO in ch.qos.logback.core.rolling.SizeAndTimeBasedFNATP@598288f2 - Setting initial period to Wed Oct 05 16:14:52 PDT 2016
16:14:52,664 |-WARN in ch.qos.logback.core.rolling.RollingFileAppender[file] - Setting "File" property to null on account of prudent mode
16:14:52,664 |-INFO in ch.qos.logback.core.rolling.RollingFileAppender[file] - Active log file name: /tmp/REP_RURALVIA_REST/REP_RURALVIA_REST-2016-10-05.20.log
16:14:52,664 |-INFO in ch.qos.logback.core.rolling.RollingFileAppender[file] - File property is set to [null]
16:14:52,665 |-INFO in ch.qos.logback.classic.joran.action.RootLoggerAction - Setting level of ROOT logger to TRACE
16:14:52,665 |-INFO in ch.qos.logback.core.joran.action.AppenderRefAction - Attaching appender named [file] to Logger[ROOT]
16:14:52,666 |-INFO in ch.qos.logback.classic.joran.action.RootLoggerAction - Setting level of ROOT logger to TRACE
16:14:52,666 |-INFO in ch.qos.logback.core.joran.action.AppenderRefAction - Attaching appender named [stdout] to Logger[ROOT]
16:14:52,666 |-INFO in ch.qos.logback.classic.joran.action.ConfigurationAction - End of configuration.
16:14:52,666 |-INFO in ch.qos.logback.classic.joran.JoranConfigurator@8ecf5c7 - Registering current configuration as safe fallback point

]]></system-out>
  <system-err><![CDATA[]]></system-err>
</testsuite>
