<?xml version="1.0" encoding="UTF-8" ?>
<testsuite errors="0" failures="0" hostname="david-rsi.local" name="com.rsi.rvia.multibank.CssMultiBankProcessorTest" skipped="0" tests="5" time="0.926" timestamp="2016-10-05T23:14:45">
  <properties>
[...]
</properties>
  <testcase classname="com.rsi.rvia.multibank.CssMultiBankProcessorTest" name="testGetSizeCacheNoData" time="0.302" />
  <testcase classname="com.rsi.rvia.multibank.CssMultiBankProcessorTest" name="testProcessXHTML" time="0.091" />
  <testcase classname="com.rsi.rvia.multibank.CssMultiBankProcessorTest" name="testRestartCache" time="0.001" />
  <testcase classname="com.rsi.rvia.multibank.CssMultiBankProcessorTest" name="testProcessXHTMLCache" time="0.482" />
  <testcase classname="com.rsi.rvia.multibank.CssMultiBankProcessorTest" name="testGetSizeCache" time="0.002" />
  <system-out><![CDATA[16:14:45,771 |-INFO in ch.qos.logback.classic.LoggerContext[default] - Could NOT find resource [logback.groovy]
16:14:45,771 |-INFO in ch.qos.logback.classic.LoggerContext[default] - Could NOT find resource [logback-test.xml]
16:14:45,771 |-INFO in ch.qos.logback.classic.LoggerContext[default] - Found resource [logback.xml] at [file:/Users/U020976/Documents/workspace/OPC/configurations/logback.xml]
16:14:45,816 |-INFO in ch.qos.logback.classic.joran.action.ConfigurationAction - debug attribute not set
16:14:45,824 |-INFO in ch.qos.logback.classic.joran.action.ConfigurationAction - Will scan for changes in [file:/Users/U020976/Documents/workspace/OPC/configurations/logback.xml] 
16:14:45,824 |-INFO in ch.qos.logback.classic.joran.action.ConfigurationAction - Setting ReconfigureOnChangeTask scanning period to 5 minutes
16:14:45,828 |-INFO in ch.qos.logback.core.joran.action.AppenderAction - About to instantiate appender of type [ch.qos.logback.core.ConsoleAppender]
16:14:45,830 |-INFO in ch.qos.logback.core.joran.action.AppenderAction - Naming appender as [stdout]
16:14:45,867 |-INFO in ch.qos.logback.core.joran.action.AppenderAction - About to instantiate appender of type [ch.qos.logback.core.rolling.RollingFileAppender]
16:14:45,869 |-INFO in ch.qos.logback.core.joran.action.AppenderAction - Naming appender as [file]
16:14:45,878 |-INFO in c.q.l.core.rolling.SizeAndTimeBasedRollingPolicy@728530265 - Achive files will be limied to [30MB] each.
16:14:45,880 |-INFO in c.q.l.core.rolling.SizeAndTimeBasedRollingPolicy@728530265 - No compression will be used
16:14:45,881 |-INFO in c.q.l.core.rolling.SizeAndTimeBasedRollingPolicy@728530265 - Will use the pattern /tmp/REP_RURALVIA_REST/REP_RURALVIA_REST-%d{yyyy-MM-dd}.%i.log for the active file
16:14:45,884 |-INFO in ch.qos.logback.core.rolling.SizeAndTimeBasedFNATP@5f997454 - The date pattern is 'yyyy-MM-dd' from file name pattern '/tmp/REP_RURALVIA_REST/REP_RURALVIA_REST-%d{yyyy-MM-dd}.%i.log'.
16:14:45,884 |-INFO in ch.qos.logback.core.rolling.SizeAndTimeBasedFNATP@5f997454 - Roll-over at midnight.
16:14:45,886 |-INFO in ch.qos.logback.core.rolling.SizeAndTimeBasedFNATP@5f997454 - Setting initial period to Wed Oct 05 16:14:45 PDT 2016
16:14:45,901 |-WARN in ch.qos.logback.core.rolling.RollingFileAppender[file] - Setting "File" property to null on account of prudent mode
16:14:45,901 |-INFO in ch.qos.logback.core.rolling.RollingFileAppender[file] - Active log file name: /tmp/REP_RURALVIA_REST/REP_RURALVIA_REST-2016-10-05.16.log
16:14:45,901 |-INFO in ch.qos.logback.core.rolling.RollingFileAppender[file] - File property is set to [null]
16:14:45,902 |-INFO in ch.qos.logback.classic.joran.action.RootLoggerAction - Setting level of ROOT logger to TRACE
16:14:45,902 |-INFO in ch.qos.logback.core.joran.action.AppenderRefAction - Attaching appender named [file] to Logger[ROOT]
16:14:45,902 |-INFO in ch.qos.logback.classic.joran.action.RootLoggerAction - Setting level of ROOT logger to TRACE
16:14:45,902 |-INFO in ch.qos.logback.core.joran.action.AppenderRefAction - Attaching appender named [stdout] to Logger[ROOT]
16:14:45,902 |-INFO in ch.qos.logback.classic.joran.action.ConfigurationAction - End of configuration.
16:14:45,903 |-INFO in ch.qos.logback.classic.joran.JoranConfigurator@53a467d4 - Registering current configuration as safe fallback point

*2016-10-05 16:14:45.0984 LOCAL:main	WARN 	CssMultiBankProcessor:processXHTML	- Los datos de sesión de ruralvia están vacios, se escoge la entidad del cooperativo por defecto
*2016-10-05 16:14:45.0991 LOCAL:main	DEBUG	CssMultiBankProcessor:processXHTML	- String XHTML parseado a Documento correctamente.
*2016-10-05 16:14:45.0991 LOCAL:main	DEBUG	CssMultiBankProcessor:processXHTML	- Se procede a modificar los enlaces css si es necesario
*2016-10-05 16:14:45.0997 LOCAL:main	DEBUG	CssMultiBankProcessor:getLinkConversion	- Se solicita la key 0198_http://foo
*2016-10-05 16:14:45.0997 LOCAL:main	DEBUG	CssMultiBankProcessor:getLinkConversion	- Se recupera el dato de la caché
*2016-10-05 16:14:45.0997 LOCAL:main	DEBUG	CssMultiBankProcessor:adjustCSSLink	- Se modifica el enlace "http://foo" por "http://bar"
*2016-10-05 16:14:46.0002 LOCAL:main	WARN 	CssMultiBankProcessor:processXHTML	- Los datos de sesión de ruralvia están vacios, se escoge la entidad del cooperativo por defecto
*2016-10-05 16:14:46.0003 LOCAL:main	DEBUG	CssMultiBankProcessor:processXHTML	- String XHTML parseado a Documento correctamente.
*2016-10-05 16:14:46.0003 LOCAL:main	DEBUG	CssMultiBankProcessor:processXHTML	- Se procede a modificar los enlaces css si es necesario
*2016-10-05 16:14:46.0003 LOCAL:main	DEBUG	CssMultiBankProcessor:adjustCSSLink	- La caché no está inicializada se procede a inicializarla
*2016-10-05 16:14:46.0005 LOCAL:main	DEBUG	DDBBPoolFactory:getDDBB	- Se procede a conectar con la base de datos de Oracle-Banca
*2016-10-05 16:14:46.0006 LOCAL:main	DEBUG	DDBBPoolFactory:getDDBB	- Se utiliza el pool local de base de datos
*2016-10-05 16:14:46.0481 LOCAL:main	DEBUG	CssMultiBankProcessor:loadDDBBCache	- Se carga la cache de CssMultiBank con 0 elementos
*2016-10-05 16:14:46.0482 LOCAL:main	DEBUG	CssMultiBankProcessor:getLinkConversion	- Se solicita la key 0198_http://foo
*2016-10-05 16:14:46.0482 LOCAL:main	DEBUG	CssMultiBankProcessor:getLinkConversion	- No se encuentra el dato en caché
]]></system-out>
  <system-err><![CDATA[]]></system-err>
</testsuite>
